2020-07-02 15:31:48,408  INFO [main] BaseTest:33 - Launching app
2020-07-02 15:31:53,714  INFO [main] ContactsHomePageTest:23 - starting--------------------->>>>>>> verifyContactHeaderTest
2020-07-02 15:31:53,847  INFO [main] ContactsHomePageTest:25 - ending--------------------->>>>>>> verifyContactHeaderTest
2020-07-02 15:32:09,663  INFO [main] BaseTest:33 - Launching app
2020-07-02 15:32:14,668  INFO [main] ContactsHomePageTest:32 - starting--------------------->>>>>>> verifySetPasswordTest
2020-07-02 15:32:52,241  INFO [main] BaseTest:33 - Launching app
2020-07-02 15:32:57,261  INFO [main] ContactsHomePageTest:41 - starting--------------------->>>>>>> goToBackUpRestoreTest
2020-07-02 15:32:57,437  INFO [main] ContactsHomePageTest:43 - ending--------------------->>>>>>> goToBackUpRestoreTest
2020-07-02 15:33:13,509  INFO [main] BaseTest:33 - Launching app
2020-07-02 15:33:18,516  INFO [main] ContactsHomePageTest:50 - starting--------------------->>>>>>> goToContactUsTest
2020-07-02 15:33:18,656  INFO [main] ContactsHomePageTest:52 - ending--------------------->>>>>>> goToContactUsTest
2020-07-02 15:33:36,012  INFO [main] BaseTest:33 - Launching app
2020-07-02 15:33:41,184  INFO [main] BackupRestoreTest:31 - starting--------------------->>>>>>> verifyRestoreContactsTextTest
2020-07-02 15:33:42,282  INFO [main] BackupRestoreTest:34 - Restore contacts text is : Restore Contacts
2020-07-02 15:33:59,447  INFO [main] BaseTest:33 - Launching app
2020-07-02 15:34:04,642  INFO [main] BackupRestoreTest:44 - starting--------------------->>>>>>> verifyContactClickTest
2020-07-02 15:34:05,934  INFO [main] BackupRestoreTest:46 - ending--------------------->>>>>>> verifyContactClickTest
2020-07-02 15:34:21,610  INFO [main] BaseTest:33 - Launching app
2020-07-02 15:34:26,792  INFO [main] ContactusTest:32 - starting--------------------->>>>>>> verifyContactUsHeaderTest
2020-07-02 15:34:28,360  INFO [main] ContactusTest:34 - ending--------------------->>>>>>> verifyContactUsHeaderTest
2020-07-02 15:34:46,843  INFO [main] BaseTest:33 - Launching app
2020-07-02 15:34:52,058  INFO [main] ContactusTest:48 - starting--------------------->>>>>>> newContactUsRequestTest
2020-07-02 15:34:57,524  INFO [main] ContactusTest:50 - ending--------------------->>>>>>> newContactUsRequestTest
